2026-02-26T12:10:02.004+01:00  INFO 7104 --- [Backend] [main] com.example.backend.BackendApplication   : Starting BackendApplication using Java 17.0.12 with PID 7104 (C:\Users\PC\Desktop\forensic-report-management-system\Backend\target\classes started by PC in C:\Users\PC\Desktop\forensic-report-management-system\Backend)
2026-02-26T12:10:02.004+01:00 DEBUG 7104 --- [Backend] [main] com.example.backend.BackendApplication   : Running with Spring Boot v4.0.2, Spring v7.0.3
2026-02-26T12:10:02.004+01:00  INFO 7104 --- [Backend] [main] com.example.backend.BackendApplication   : No active profile set, falling back to 1 default profile: "default"
2026-02-26T12:10:02.754+01:00  INFO 7104 --- [Backend] [main] .s.d.r.c.RepositoryConfigurationDelegate : Multiple Spring Data modules found, entering strict repository configuration mode
2026-02-26T12:10:02.756+01:00  INFO 7104 --- [Backend] [main] .s.d.r.c.RepositoryConfigurationDelegate : Bootstrapping Spring Data Reactive Elasticsearch repositories in DEFAULT mode.
2026-02-26T12:10:02.856+01:00  INFO 7104 --- [Backend] [main] .RepositoryConfigurationExtensionSupport : Spring Data Reactive Elasticsearch - Could not safely identify store assignment for repository candidate interface com.example.backend.repository.ForensicReportRepository; If you want this repository to be a Reactive Elasticsearch repository, consider annotating your entities with one of these annotations: org.springframework.data.elasticsearch.annotations.Document (preferred), or consider extending one of the following types with your repository: org.springframework.data.elasticsearch.repository.ReactiveElasticsearchRepository
2026-02-26T12:10:02.858+01:00  INFO 7104 --- [Backend] [main] .RepositoryConfigurationExtensionSupport : Spring Data Reactive Elasticsearch - Could not safely identify store assignment for repository candidate interface com.example.backend.repository.UserRepository; If you want this repository to be a Reactive Elasticsearch repository, consider annotating your entities with one of these annotations: org.springframework.data.elasticsearch.annotations.Document (preferred), or consider extending one of the following types with your repository: org.springframework.data.elasticsearch.repository.ReactiveElasticsearchRepository
2026-02-26T12:10:02.858+01:00  INFO 7104 --- [Backend] [main] .s.d.r.c.RepositoryConfigurationDelegate : Finished Spring Data repository scanning in 97 ms. Found 0 Reactive Elasticsearch repository interfaces.
2026-02-26T12:10:02.864+01:00  INFO 7104 --- [Backend] [main] .s.d.r.c.RepositoryConfigurationDelegate : Multiple Spring Data modules found, entering strict repository configuration mode
2026-02-26T12:10:02.865+01:00  INFO 7104 --- [Backend] [main] .s.d.r.c.RepositoryConfigurationDelegate : Bootstrapping Spring Data Elasticsearch repositories in DEFAULT mode.
2026-02-26T12:10:02.874+01:00  INFO 7104 --- [Backend] [main] .RepositoryConfigurationExtensionSupport : Spring Data Elasticsearch - Could not safely identify store assignment for repository candidate interface com.example.backend.repository.ForensicReportRepository; If you want this repository to be a Elasticsearch repository, consider annotating your entities with one of these annotations: org.springframework.data.elasticsearch.annotations.Document (preferred), or consider extending one of the following types with your repository: org.springframework.data.elasticsearch.repository.ElasticsearchRepository
2026-02-26T12:10:02.874+01:00  INFO 7104 --- [Backend] [main] .RepositoryConfigurationExtensionSupport : Spring Data Elasticsearch - Could not safely identify store assignment for repository candidate interface com.example.backend.repository.UserRepository; If you want this repository to be a Elasticsearch repository, consider annotating your entities with one of these annotations: org.springframework.data.elasticsearch.annotations.Document (preferred), or consider extending one of the following types with your repository: org.springframework.data.elasticsearch.repository.ElasticsearchRepository
2026-02-26T12:10:02.891+01:00  INFO 7104 --- [Backend] [main] .s.d.r.c.RepositoryConfigurationDelegate : Finished Spring Data repository scanning in 23 ms. Found 1 Elasticsearch repository interface.
2026-02-26T12:10:02.936+01:00  INFO 7104 --- [Backend] [main] .s.d.r.c.RepositoryConfigurationDelegate : Multiple Spring Data modules found, entering strict repository configuration mode
2026-02-26T12:10:02.938+01:00  INFO 7104 --- [Backend] [main] .s.d.r.c.RepositoryConfigurationDelegate : Bootstrapping Spring Data JPA repositories in DEFAULT mode.
2026-02-26T12:10:02.945+01:00  INFO 7104 --- [Backend] [main] .RepositoryConfigurationExtensionSupport : Spring Data JPA - Could not safely identify store assignment for repository candidate interface com.example.backend.repository.ForensicReportElasticRepository; If you want this repository to be a JPA repository, consider annotating your entities with one of these annotations: jakarta.persistence.Entity, jakarta.persistence.MappedSuperclass (preferred), or consider extending one of the following types with your repository: org.springframework.data.jpa.repository.JpaRepository
2026-02-26T12:10:02.953+01:00  INFO 7104 --- [Backend] [main] .s.d.r.c.RepositoryConfigurationDelegate : Finished Spring Data repository scanning in 12 ms. Found 2 JPA repository interfaces.
2026-02-26T12:10:03.372+01:00  INFO 7104 --- [Backend] [main] o.s.boot.tomcat.TomcatWebServer          : Tomcat initialized with port 8080 (http)
2026-02-26T12:10:03.381+01:00  INFO 7104 --- [Backend] [main] o.apache.catalina.core.StandardService   : Starting service [Tomcat]
2026-02-26T12:10:03.382+01:00  INFO 7104 --- [Backend] [main] o.apache.catalina.core.StandardEngine    : Starting Servlet engine: [Apache Tomcat/11.0.15]
2026-02-26T12:10:03.430+01:00  INFO 7104 --- [Backend] [main] b.w.c.s.WebApplicationContextInitializer : Root WebApplicationContext: initialization completed in 1350 ms
2026-02-26T12:10:03.804+01:00  INFO 7104 --- [Backend] [main] org.hibernate.orm.jpa                    : HHH008540: Processing PersistenceUnitInfo [name: default]
2026-02-26T12:10:03.867+01:00  INFO 7104 --- [Backend] [main] org.hibernate.orm.core                   : HHH000001: Hibernate ORM core version 7.2.1.Final
2026-02-26T12:10:04.217+01:00  INFO 7104 --- [Backend] [main] o.s.o.j.p.SpringPersistenceUnitInfo      : No LoadTimeWeaver setup: ignoring JPA class transformer
2026-02-26T12:10:04.241+01:00  INFO 7104 --- [Backend] [main] com.zaxxer.hikari.HikariDataSource       : HikariPool-1 - Starting...
2026-02-26T12:10:04.376+01:00  INFO 7104 --- [Backend] [main] com.zaxxer.hikari.pool.HikariPool        : HikariPool-1 - Added connection org.postgresql.jdbc.PgConnection@10b3ea72
2026-02-26T12:10:04.378+01:00  INFO 7104 --- [Backend] [main] com.zaxxer.hikari.HikariDataSource       : HikariPool-1 - Start completed.
2026-02-26T12:10:04.405+01:00  WARN 7104 --- [Backend] [main] org.hibernate.orm.deprecation            : HHH90000025: PostgreSQLDialect does not need to be specified explicitly using 'hibernate.dialect' (remove the property setting and it will be selected by default)
2026-02-26T12:10:04.430+01:00  INFO 7104 --- [Backend] [main] org.hibernate.orm.connections.pooling    : HHH10001005: Database info:
	Database JDBC URL [jdbc:postgresql://localhost:5432/udd_db]
	Database driver: PostgreSQL JDBC Driver
	Database dialect: PostgreSQLDialect
	Database version: 18.1
	Default catalog/schema: udd_db/public
	Autocommit mode: undefined/unknown
	Isolation level: READ_COMMITTED [default READ_COMMITTED]
	JDBC fetch size: none
	Pool: DataSourceConnectionProvider
	Minimum pool size: undefined/unknown
	Maximum pool size: undefined/unknown
2026-02-26T12:10:05.391+01:00  INFO 7104 --- [Backend] [main] org.hibernate.orm.core                   : HHH000489: No JTA platform available (set 'hibernate.transaction.jta.platform' to enable JTA platform integration)
2026-02-26T12:10:05.454+01:00  INFO 7104 --- [Backend] [main] j.LocalContainerEntityManagerFactoryBean : Initialized JPA EntityManagerFactory for persistence unit 'default'
2026-02-26T12:10:05.532+01:00  INFO 7104 --- [Backend] [main] o.s.d.j.r.query.QueryEnhancerFactories   : Hibernate is in classpath; If applicable, HQL parser will be used.
2026-02-26T12:10:05.845+01:00 DEBUG 7104 --- [Backend] [main] c.e.b.security.JwtAuthenticationFilter   : Filter 'jwtAuthenticationFilter' configured for use
2026-02-26T12:10:06.950+01:00  INFO 7104 --- [Backend] [main] ai.djl.pytorch.engine.PtEngine           : PyTorch graph executor optimizer is enabled, this may impact your inference latency and throughput. See: https://docs.djl.ai/docs/development/inference_performance_optimization.html#graph-executor-optimization
2026-02-26T12:10:06.954+01:00  INFO 7104 --- [Backend] [main] ai.djl.pytorch.engine.PtEngine           : Number of inter-op threads is 12
2026-02-26T12:10:06.955+01:00  INFO 7104 --- [Backend] [main] ai.djl.pytorch.engine.PtEngine           : Number of intra-op threads is 10
2026-02-26T12:10:07.075+01:00  INFO 7104 --- [Backend] [main] ai.djl.util.Platform                     : Found matching platform from: jar:file:/C:/Users/PC/.m2/repository/ai/djl/huggingface/tokenizers/0.28.0/tokenizers-0.28.0.jar!/native/lib/tokenizers.properties
2026-02-26T12:10:07.261+01:00  WARN 7104 --- [Backend] [main] JpaBaseConfiguration$JpaWebConfiguration : spring.jpa.open-in-view is enabled by default. Therefore, database queries may be performed during view rendering. Explicitly configure spring.jpa.open-in-view to disable this warning
2026-02-26T12:10:07.311+01:00  WARN 7104 --- [Backend] [main] .s.a.UserDetailsServiceAutoConfiguration : 

Using generated security password: 6624693d-6bbd-40f8-b66e-7df07edc7c6a

This generated password is for development use only. Your security configuration must be updated before running your application in production.

2026-02-26T12:10:07.319+01:00  INFO 7104 --- [Backend] [main] r$InitializeUserDetailsManagerConfigurer : Global AuthenticationManager configured with UserDetailsService bean with name inMemoryUserDetailsManager
2026-02-26T12:10:07.720+01:00  INFO 7104 --- [Backend] [main] o.s.boot.tomcat.TomcatWebServer          : Tomcat started on port 8080 (http) with context path '/'
2026-02-26T12:10:07.726+01:00  INFO 7104 --- [Backend] [main] com.example.backend.BackendApplication   : Started BackendApplication in 6.177 seconds (process running for 6.829)
2026-02-26T12:10:39.072+01:00  INFO 7104 --- [Backend] [http-nio-8080-exec-1] o.a.c.c.C.[Tomcat].[localhost].[/]       : Initializing Spring DispatcherServlet 'dispatcherServlet'
2026-02-26T12:10:39.074+01:00  INFO 7104 --- [Backend] [http-nio-8080-exec-1] o.s.web.servlet.DispatcherServlet        : Initializing Servlet 'dispatcherServlet'
2026-02-26T12:10:39.077+01:00  INFO 7104 --- [Backend] [http-nio-8080-exec-1] o.s.web.servlet.DispatcherServlet        : Completed initialization in 3 ms
2026-02-26T12:10:39.108+01:00  WARN 7104 --- [Backend] [http-nio-8080-exec-1] o.s.w.s.h.HandlerMappingIntrospector     : Cache miss for REQUEST dispatch to '/login' (previous null). Performing CorsConfiguration lookup. This is logged once only at WARN level, and every time at TRACE.
2026-02-26T12:11:21.390+01:00  INFO 7104 --- [Backend] [http-nio-8080-exec-3] org.nd4j.linalg.factory.Nd4jBackend      : Loaded [CpuBackend] backend
2026-02-26T12:11:22.055+01:00  INFO 7104 --- [Backend] [http-nio-8080-exec-3] org.nd4j.nativeblas.NativeOpsHolder      : Number of threads used for linear algebra: 10
2026-02-26T12:11:22.058+01:00  WARN 7104 --- [Backend] [http-nio-8080-exec-3] o.n.l.cpu.nativecpu.CpuNDArrayFactory    : *********************************** CPU Feature Check Warning ***********************************
2026-02-26T12:11:22.058+01:00  WARN 7104 --- [Backend] [http-nio-8080-exec-3] o.n.l.cpu.nativecpu.CpuNDArrayFactory    : Warning: Initializing ND4J with Generic x86 binary on a CPU with AVX/AVX2 support
2026-02-26T12:11:22.058+01:00  WARN 7104 --- [Backend] [http-nio-8080-exec-3] o.n.l.cpu.nativecpu.CpuNDArrayFactory    : Using ND4J with AVX/AVX2 will improve performance. See deeplearning4j.org/cpu for more details
2026-02-26T12:11:22.058+01:00  WARN 7104 --- [Backend] [http-nio-8080-exec-3] o.n.l.cpu.nativecpu.CpuNDArrayFactory    : Or set environment variable ND4J_IGNORE_AVX=true to suppress this warning
2026-02-26T12:11:22.058+01:00  WARN 7104 --- [Backend] [http-nio-8080-exec-3] o.n.l.cpu.nativecpu.CpuNDArrayFactory    : *************************************************************************************************
2026-02-26T12:11:22.160+01:00  INFO 7104 --- [Backend] [http-nio-8080-exec-3] org.nd4j.nativeblas.Nd4jBlas             : Number of threads used for OpenMP BLAS: 10
2026-02-26T12:11:22.177+01:00  INFO 7104 --- [Backend] [http-nio-8080-exec-3] o.n.l.a.o.e.DefaultOpExecutioner         : Backend used: [CPU]; OS: [Windows 11]
2026-02-26T12:11:22.177+01:00  INFO 7104 --- [Backend] [http-nio-8080-exec-3] o.n.l.a.o.e.DefaultOpExecutioner         : Cores: [12]; Memory: [7.9GB];
2026-02-26T12:11:22.177+01:00  INFO 7104 --- [Backend] [http-nio-8080-exec-3] o.n.l.a.o.e.DefaultOpExecutioner         : Blas vendor: [OPENBLAS]
2026-02-26T12:11:23.682+01:00  INFO 7104 --- [Backend] [http-nio-8080-exec-3] c.e.b.service.ForensicReportService      : REPORT_UPLOADED | city=Novi Sad | threat=PRETNJAvv | expert1=Prvi Forenzičar | expert2=Drugi Forenzičar
2026-02-26T12:13:22.649+01:00  INFO 7104 --- [Backend] [SpringApplicationShutdownHook] o.s.boot.tomcat.GracefulShutdown         : Commencing graceful shutdown. Waiting for active requests to complete
2026-02-26T12:13:22.750+01:00  INFO 7104 --- [Backend] [tomcat-shutdown] o.s.boot.tomcat.GracefulShutdown         : Graceful shutdown complete
2026-02-26T12:13:24.825+01:00  INFO 7104 --- [Backend] [SpringApplicationShutdownHook] j.LocalContainerEntityManagerFactoryBean : Closing JPA EntityManagerFactory for persistence unit 'default'
2026-02-26T12:13:24.828+01:00  INFO 7104 --- [Backend] [SpringApplicationShutdownHook] com.zaxxer.hikari.HikariDataSource       : HikariPool-1 - Shutdown initiated...
2026-02-26T12:13:24.834+01:00  INFO 7104 --- [Backend] [SpringApplicationShutdownHook] com.zaxxer.hikari.HikariDataSource       : HikariPool-1 - Shutdown completed.
2026-02-26T12:13:27.645+01:00  INFO 30600 --- [Backend] [main] com.example.backend.BackendApplication   : Starting BackendApplication using Java 17.0.12 with PID 30600 (C:\Users\PC\Desktop\forensic-report-management-system\Backend\target\classes started by PC in C:\Users\PC\Desktop\forensic-report-management-system\Backend)
2026-02-26T12:13:27.648+01:00 DEBUG 30600 --- [Backend] [main] com.example.backend.BackendApplication   : Running with Spring Boot v4.0.2, Spring v7.0.3
2026-02-26T12:13:27.648+01:00  INFO 30600 --- [Backend] [main] com.example.backend.BackendApplication   : No active profile set, falling back to 1 default profile: "default"
2026-02-26T12:13:28.303+01:00  INFO 30600 --- [Backend] [main] .s.d.r.c.RepositoryConfigurationDelegate : Multiple Spring Data modules found, entering strict repository configuration mode
2026-02-26T12:13:28.306+01:00  INFO 30600 --- [Backend] [main] .s.d.r.c.RepositoryConfigurationDelegate : Bootstrapping Spring Data Reactive Elasticsearch repositories in DEFAULT mode.
2026-02-26T12:13:28.409+01:00  INFO 30600 --- [Backend] [main] .RepositoryConfigurationExtensionSupport : Spring Data Reactive Elasticsearch - Could not safely identify store assignment for repository candidate interface com.example.backend.repository.ForensicReportRepository; If you want this repository to be a Reactive Elasticsearch repository, consider annotating your entities with one of these annotations: org.springframework.data.elasticsearch.annotations.Document (preferred), or consider extending one of the following types with your repository: org.springframework.data.elasticsearch.repository.ReactiveElasticsearchRepository
2026-02-26T12:13:28.409+01:00  INFO 30600 --- [Backend] [main] .RepositoryConfigurationExtensionSupport : Spring Data Reactive Elasticsearch - Could not safely identify store assignment for repository candidate interface com.example.backend.repository.UserRepository; If you want this repository to be a Reactive Elasticsearch repository, consider annotating your entities with one of these annotations: org.springframework.data.elasticsearch.annotations.Document (preferred), or consider extending one of the following types with your repository: org.springframework.data.elasticsearch.repository.ReactiveElasticsearchRepository
2026-02-26T12:13:28.409+01:00  INFO 30600 --- [Backend] [main] .s.d.r.c.RepositoryConfigurationDelegate : Finished Spring Data repository scanning in 100 ms. Found 0 Reactive Elasticsearch repository interfaces.
2026-02-26T12:13:28.416+01:00  INFO 30600 --- [Backend] [main] .s.d.r.c.RepositoryConfigurationDelegate : Multiple Spring Data modules found, entering strict repository configuration mode
2026-02-26T12:13:28.416+01:00  INFO 30600 --- [Backend] [main] .s.d.r.c.RepositoryConfigurationDelegate : Bootstrapping Spring Data Elasticsearch repositories in DEFAULT mode.
2026-02-26T12:13:28.420+01:00  INFO 30600 --- [Backend] [main] .RepositoryConfigurationExtensionSupport : Spring Data Elasticsearch - Could not safely identify store assignment for repository candidate interface com.example.backend.repository.ForensicReportRepository; If you want this repository to be a Elasticsearch repository, consider annotating your entities with one of these annotations: org.springframework.data.elasticsearch.annotations.Document (preferred), or consider extending one of the following types with your repository: org.springframework.data.elasticsearch.repository.ElasticsearchRepository
2026-02-26T12:13:28.423+01:00  INFO 30600 --- [Backend] [main] .RepositoryConfigurationExtensionSupport : Spring Data Elasticsearch - Could not safely identify store assignment for repository candidate interface com.example.backend.repository.UserRepository; If you want this repository to be a Elasticsearch repository, consider annotating your entities with one of these annotations: org.springframework.data.elasticsearch.annotations.Document (preferred), or consider extending one of the following types with your repository: org.springframework.data.elasticsearch.repository.ElasticsearchRepository
2026-02-26T12:13:28.436+01:00  INFO 30600 --- [Backend] [main] .s.d.r.c.RepositoryConfigurationDelegate : Finished Spring Data repository scanning in 24 ms. Found 1 Elasticsearch repository interface.
2026-02-26T12:13:28.492+01:00  INFO 30600 --- [Backend] [main] .s.d.r.c.RepositoryConfigurationDelegate : Multiple Spring Data modules found, entering strict repository configuration mode
2026-02-26T12:13:28.493+01:00  INFO 30600 --- [Backend] [main] .s.d.r.c.RepositoryConfigurationDelegate : Bootstrapping Spring Data JPA repositories in DEFAULT mode.
2026-02-26T12:13:28.504+01:00  INFO 30600 --- [Backend] [main] .RepositoryConfigurationExtensionSupport : Spring Data JPA - Could not safely identify store assignment for repository candidate interface com.example.backend.repository.ForensicReportElasticRepository; If you want this repository to be a JPA repository, consider annotating your entities with one of these annotations: jakarta.persistence.Entity, jakarta.persistence.MappedSuperclass (preferred), or consider extending one of the following types with your repository: org.springframework.data.jpa.repository.JpaRepository
2026-02-26T12:13:28.511+01:00  INFO 30600 --- [Backend] [main] .s.d.r.c.RepositoryConfigurationDelegate : Finished Spring Data repository scanning in 12 ms. Found 2 JPA repository interfaces.
2026-02-26T12:13:28.963+01:00  INFO 30600 --- [Backend] [main] o.s.boot.tomcat.TomcatWebServer          : Tomcat initialized with port 8080 (http)
2026-02-26T12:13:28.972+01:00  INFO 30600 --- [Backend] [main] o.apache.catalina.core.StandardService   : Starting service [Tomcat]
2026-02-26T12:13:28.972+01:00  INFO 30600 --- [Backend] [main] o.apache.catalina.core.StandardEngine    : Starting Servlet engine: [Apache Tomcat/11.0.15]
2026-02-26T12:13:29.019+01:00  INFO 30600 --- [Backend] [main] b.w.c.s.WebApplicationContextInitializer : Root WebApplicationContext: initialization completed in 1300 ms
2026-02-26T12:13:29.323+01:00  INFO 30600 --- [Backend] [main] org.hibernate.orm.jpa                    : HHH008540: Processing PersistenceUnitInfo [name: default]
2026-02-26T12:13:29.375+01:00  INFO 30600 --- [Backend] [main] org.hibernate.orm.core                   : HHH000001: Hibernate ORM core version 7.2.1.Final
2026-02-26T12:13:29.765+01:00  INFO 30600 --- [Backend] [main] o.s.o.j.p.SpringPersistenceUnitInfo      : No LoadTimeWeaver setup: ignoring JPA class transformer
2026-02-26T12:13:29.808+01:00  INFO 30600 --- [Backend] [main] com.zaxxer.hikari.HikariDataSource       : HikariPool-1 - Starting...
2026-02-26T12:13:29.946+01:00  INFO 30600 --- [Backend] [main] com.zaxxer.hikari.pool.HikariPool        : HikariPool-1 - Added connection org.postgresql.jdbc.PgConnection@26d445e9
2026-02-26T12:13:29.946+01:00  INFO 30600 --- [Backend] [main] com.zaxxer.hikari.HikariDataSource       : HikariPool-1 - Start completed.
2026-02-26T12:13:29.978+01:00  WARN 30600 --- [Backend] [main] org.hibernate.orm.deprecation            : HHH90000025: PostgreSQLDialect does not need to be specified explicitly using 'hibernate.dialect' (remove the property setting and it will be selected by default)
2026-02-26T12:13:29.998+01:00  INFO 30600 --- [Backend] [main] org.hibernate.orm.connections.pooling    : HHH10001005: Database info:
	Database JDBC URL [jdbc:postgresql://localhost:5432/udd_db]
	Database driver: PostgreSQL JDBC Driver
	Database dialect: PostgreSQLDialect
	Database version: 18.1
	Default catalog/schema: udd_db/public
	Autocommit mode: undefined/unknown
	Isolation level: READ_COMMITTED [default READ_COMMITTED]
	JDBC fetch size: none
	Pool: DataSourceConnectionProvider
	Minimum pool size: undefined/unknown
	Maximum pool size: undefined/unknown
2026-02-26T12:13:30.884+01:00  INFO 30600 --- [Backend] [main] org.hibernate.orm.core                   : HHH000489: No JTA platform available (set 'hibernate.transaction.jta.platform' to enable JTA platform integration)
2026-02-26T12:13:30.936+01:00  INFO 30600 --- [Backend] [main] j.LocalContainerEntityManagerFactoryBean : Initialized JPA EntityManagerFactory for persistence unit 'default'
2026-02-26T12:13:30.993+01:00  INFO 30600 --- [Backend] [main] o.s.d.j.r.query.QueryEnhancerFactories   : Hibernate is in classpath; If applicable, HQL parser will be used.
2026-02-26T12:13:31.157+01:00 DEBUG 30600 --- [Backend] [main] c.e.b.security.JwtAuthenticationFilter   : Filter 'jwtAuthenticationFilter' configured for use
2026-02-26T12:13:32.306+01:00  INFO 30600 --- [Backend] [main] ai.djl.pytorch.engine.PtEngine           : PyTorch graph executor optimizer is enabled, this may impact your inference latency and throughput. See: https://docs.djl.ai/docs/development/inference_performance_optimization.html#graph-executor-optimization
2026-02-26T12:13:32.311+01:00  INFO 30600 --- [Backend] [main] ai.djl.pytorch.engine.PtEngine           : Number of inter-op threads is 12
2026-02-26T12:13:32.311+01:00  INFO 30600 --- [Backend] [main] ai.djl.pytorch.engine.PtEngine           : Number of intra-op threads is 10
2026-02-26T12:13:32.430+01:00  INFO 30600 --- [Backend] [main] ai.djl.util.Platform                     : Found matching platform from: jar:file:/C:/Users/PC/.m2/repository/ai/djl/huggingface/tokenizers/0.28.0/tokenizers-0.28.0.jar!/native/lib/tokenizers.properties
2026-02-26T12:13:32.646+01:00  WARN 30600 --- [Backend] [main] JpaBaseConfiguration$JpaWebConfiguration : spring.jpa.open-in-view is enabled by default. Therefore, database queries may be performed during view rendering. Explicitly configure spring.jpa.open-in-view to disable this warning
2026-02-26T12:13:32.704+01:00  WARN 30600 --- [Backend] [main] .s.a.UserDetailsServiceAutoConfiguration : 

Using generated security password: 2523c899-1cca-4db8-b2bb-de879d7bd580

This generated password is for development use only. Your security configuration must be updated before running your application in production.

2026-02-26T12:13:32.711+01:00  INFO 30600 --- [Backend] [main] r$InitializeUserDetailsManagerConfigurer : Global AuthenticationManager configured with UserDetailsService bean with name inMemoryUserDetailsManager
2026-02-26T12:13:33.095+01:00  INFO 30600 --- [Backend] [main] o.s.boot.tomcat.TomcatWebServer          : Tomcat started on port 8080 (http) with context path '/'
2026-02-26T12:13:33.099+01:00  INFO 30600 --- [Backend] [main] com.example.backend.BackendApplication   : Started BackendApplication in 5.87 seconds (process running for 6.567)
2026-02-26T12:17:21.701+01:00  INFO 30600 --- [Backend] [http-nio-8080-exec-1] o.a.c.c.C.[Tomcat].[localhost].[/]       : Initializing Spring DispatcherServlet 'dispatcherServlet'
2026-02-26T12:17:21.701+01:00  INFO 30600 --- [Backend] [http-nio-8080-exec-1] o.s.web.servlet.DispatcherServlet        : Initializing Servlet 'dispatcherServlet'
2026-02-26T12:17:21.707+01:00  INFO 30600 --- [Backend] [http-nio-8080-exec-1] o.s.web.servlet.DispatcherServlet        : Completed initialization in 6 ms
2026-02-26T12:17:21.730+01:00  WARN 30600 --- [Backend] [http-nio-8080-exec-1] o.s.w.s.h.HandlerMappingIntrospector     : Cache miss for REQUEST dispatch to '/api/reports/search' (previous null). Performing CorsConfiguration lookup. This is logged once only at WARN level, and every time at TRACE.
2026-02-26T12:18:24.164+01:00  INFO 30600 --- [Backend] [SpringApplicationShutdownHook] o.s.boot.tomcat.GracefulShutdown         : Commencing graceful shutdown. Waiting for active requests to complete
2026-02-26T12:18:24.280+01:00  INFO 30600 --- [Backend] [tomcat-shutdown] o.s.boot.tomcat.GracefulShutdown         : Graceful shutdown complete
2026-02-26T12:18:26.398+01:00  INFO 30600 --- [Backend] [SpringApplicationShutdownHook] j.LocalContainerEntityManagerFactoryBean : Closing JPA EntityManagerFactory for persistence unit 'default'
2026-02-26T12:18:26.400+01:00  INFO 30600 --- [Backend] [SpringApplicationShutdownHook] com.zaxxer.hikari.HikariDataSource       : HikariPool-1 - Shutdown initiated...
2026-02-26T12:18:26.405+01:00  INFO 30600 --- [Backend] [SpringApplicationShutdownHook] com.zaxxer.hikari.HikariDataSource       : HikariPool-1 - Shutdown completed.
